<?xml version="1.0" encoding="UTF-8"?>
<testng-results ignored="0" total="1" passed="1" failed="0" skipped="0">
  <reporter-output>
  </reporter-output>
  <suite started-at="2020-12-14T16:37:29Z" name="Default suite" finished-at="2020-12-14T16:37:45Z" duration-ms="15891">
    <groups>
    </groups>
    <test started-at="2020-12-14T16:37:29Z" name="Default test" finished-at="2020-12-14T16:37:45Z" duration-ms="15891">
      <class name="com.TestCase.PriceCompareTest">
        <test-method is-config="true" signature="beforeMethod()[pri:0, instance:com.TestCase.PriceCompareTest@1a942c18]" started-at="2020-12-14T16:37:29Z" name="beforeMethod" finished-at="2020-12-14T16:37:29Z" duration-ms="5" status="PASS">
          <reporter-output>
          </reporter-output>
        </test-method> <!-- beforeMethod -->
        <test-method signature="ComparePrice()[pri:0, instance:com.TestCase.PriceCompareTest@1a942c18]" started-at="2020-12-14T16:37:29Z" name="ComparePrice" finished-at="2020-12-14T16:37:45Z" duration-ms="15868" status="PASS">
          <reporter-output>
          </reporter-output>
        </test-method> <!-- ComparePrice -->
      </class> <!-- com.TestCase.PriceCompareTest -->
    </test> <!-- Default test -->
  </suite> <!-- Default suite -->
</testng-results>
